# JRE version: Java(TM) SE Runtime Environment (10.0+46) (build 10+46)
# Java VM: Java HotSpot(TM) 64-Bit Server VM (10+46, mixed mode, tiered, compressed oops, g1 gc, bsd-amd64)
Heap:
 garbage-first heap   total 526336K, used 304415K [0x0000000740000000, 0x00000007c0000000)
  region size 1024K, 252 young (258048K), 1 survivors (1024K)
 Metaspace       used 28974K, capacity 29545K, committed 29952K, reserved 1075200K
  class space    used 2983K, capacity 3246K, committed 3328K, reserved 1048576K
GC Heap History (10 events):
Event: 22.541 GC heap before
{Heap before GC invocations=123 (full 0):
 garbage-first heap   total 526336K, used 358684K [0x0000000740000000, 0x00000007c0000000)
  region size 1024K, 308 young (315392K), 1 survivors (1024K)
 Metaspace       used 28606K, capacity 29190K, committed 29696K, reserved 1075200K
  class space    used 2953K, capacity 3213K, committed 3328K, reserved 1048576K
}
Event: 22.541 GC heap after
{Heap after GC invocations=124 (full 0):
 garbage-first heap   total 526336K, used 44318K [0x0000000740000000, 0x00000007c0000000)
  region size 1024K, 1 young (1024K), 1 survivors (1024K)
 Metaspace       used 28606K, capacity 29190K, committed 29696K, reserved 1075200K
  class space    used 2953K, capacity 3213K, committed 3328K, reserved 1048576K
}
Event: 22.571 GC heap before
{Heap before GC invocations=124 (full 0):
 garbage-first heap   total 526336K, used 358686K [0x0000000740000000, 0x00000007c0000000)
  region size 1024K, 308 young (315392K), 1 survivors (1024K)
 Metaspace       used 28606K, capacity 29190K, committed 29696K, reserved 1075200K
  class space    used 2953K, capacity 3213K, committed 3328K, reserved 1048576K
}
Event: 22.571 GC heap after
{Heap after GC invocations=125 (full 0):
 garbage-first heap   total 526336K, used 44314K [0x0000000740000000, 0x00000007c0000000)
  region size 1024K, 1 young (1024K), 1 survivors (1024K)
 Metaspace       used 28606K, capacity 29190K, committed 29696K, reserved 1075200K
  class space    used 2953K, capacity 3213K, committed 3328K, reserved 1048576K
}
Event: 22.600 GC heap before
{Heap before GC invocations=125 (full 0):
 garbage-first heap   total 526336K, used 358682K [0x0000000740000000, 0x00000007c0000000)
  region size 1024K, 308 young (315392K), 1 survivors (1024K)
 Metaspace       used 28606K, capacity 29190K, committed 29696K, reserved 1075200K
  class space    used 2953K, capacity 3213K, committed 3328K, reserved 1048576K
}
Event: 22.601 GC heap after
{Heap after GC invocations=126 (full 0):
 garbage-first heap   total 526336K, used 44314K [0x0000000740000000, 0x00000007c0000000)
  region size 1024K, 1 young (1024K), 1 survivors (1024K)
 Metaspace       used 28606K, capacity 29190K, committed 29696K, reserved 1075200K
  class space    used 2953K, capacity 3213K, committed 3328K, reserved 1048576K
}
Event: 22.629 GC heap before
{Heap before GC invocations=126 (full 0):
 garbage-first heap   total 526336K, used 358682K [0x0000000740000000, 0x00000007c0000000)
  region size 1024K, 308 young (315392K), 1 survivors (1024K)
 Metaspace       used 28606K, capacity 29190K, committed 29696K, reserved 1075200K
  class space    used 2953K, capacity 3213K, committed 3328K, reserved 1048576K
}
Event: 22.630 GC heap after
{Heap after GC invocations=127 (full 0):
 garbage-first heap   total 526336K, used 44321K [0x0000000740000000, 0x00000007c0000000)
  region size 1024K, 1 young (1024K), 1 survivors (1024K)
 Metaspace       used 28606K, capacity 29190K, committed 29696K, reserved 1075200K
  class space    used 2953K, capacity 3213K, committed 3328K, reserved 1048576K
}
Event: 22.659 GC heap before
{Heap before GC invocations=127 (full 0):
 garbage-first heap   total 526336K, used 358689K [0x0000000740000000, 0x00000007c0000000)
  region size 1024K, 308 young (315392K), 1 survivors (1024K)
 Metaspace       used 28606K, capacity 29190K, committed 29696K, reserved 1075200K
  class space    used 2953K, capacity 3213K, committed 3328K, reserved 1048576K
}
Event: 22.659 GC heap after
{Heap after GC invocations=128 (full 0):
 garbage-first heap   total 526336K, used 44319K [0x0000000740000000, 0x00000007c0000000)
  region size 1024K, 1 young (1024K), 1 survivors (1024K)
 Metaspace       used 28606K, capacity 29190K, committed 29696K, reserved 1075200K
  class space    used 2953K, capacity 3213K, committed 3328K, reserved 1048576K
}

