# JRE version: Java(TM) SE Runtime Environment (10.0+46) (build 10+46)
# Java VM: Java HotSpot(TM) 64-Bit Server VM (10+46, mixed mode, tiered, compressed oops, g1 gc, bsd-amd64)
Heap:
 garbage-first heap   total 552960K, used 65568K [0x0000000740000000, 0x00000007c0000000)
  region size 1024K, 19 young (19456K), 1 survivors (1024K)
 Metaspace       used 28904K, capacity 29451K, committed 29952K, reserved 1075200K
  class space    used 2967K, capacity 3215K, committed 3328K, reserved 1048576K
GC Heap History (10 events):
Event: 18.594 GC heap before
{Heap before GC invocations=116 (full 0):
 garbage-first heap   total 552960K, used 374821K [0x0000000740000000, 0x00000007c0000000)
  region size 1024K, 324 young (331776K), 1 survivors (1024K)
 Metaspace       used 28571K, capacity 29192K, committed 29696K, reserved 1075200K
  class space    used 2937K, capacity 3214K, committed 3328K, reserved 1048576K
}
Event: 18.595 GC heap after
{Heap after GC invocations=117 (full 0):
 garbage-first heap   total 552960K, used 44066K [0x0000000740000000, 0x00000007c0000000)
  region size 1024K, 1 young (1024K), 1 survivors (1024K)
 Metaspace       used 28571K, capacity 29192K, committed 29696K, reserved 1075200K
  class space    used 2937K, capacity 3214K, committed 3328K, reserved 1048576K
}
Event: 18.627 GC heap before
{Heap before GC invocations=117 (full 0):
 garbage-first heap   total 552960K, used 374818K [0x0000000740000000, 0x00000007c0000000)
  region size 1024K, 324 young (331776K), 1 survivors (1024K)
 Metaspace       used 28571K, capacity 29192K, committed 29696K, reserved 1075200K
  class space    used 2937K, capacity 3214K, committed 3328K, reserved 1048576K
}
Event: 18.628 GC heap after
{Heap after GC invocations=118 (full 0):
 garbage-first heap   total 552960K, used 44065K [0x0000000740000000, 0x00000007c0000000)
  region size 1024K, 1 young (1024K), 1 survivors (1024K)
 Metaspace       used 28571K, capacity 29192K, committed 29696K, reserved 1075200K
  class space    used 2937K, capacity 3214K, committed 3328K, reserved 1048576K
}
Event: 18.658 GC heap before
{Heap before GC invocations=118 (full 0):
 garbage-first heap   total 552960K, used 374817K [0x0000000740000000, 0x00000007c0000000)
  region size 1024K, 324 young (331776K), 1 survivors (1024K)
 Metaspace       used 28572K, capacity 29192K, committed 29696K, reserved 1075200K
  class space    used 2937K, capacity 3214K, committed 3328K, reserved 1048576K
}
Event: 18.658 GC heap after
{Heap after GC invocations=119 (full 0):
 garbage-first heap   total 552960K, used 44061K [0x0000000740000000, 0x00000007c0000000)
  region size 1024K, 1 young (1024K), 1 survivors (1024K)
 Metaspace       used 28572K, capacity 29192K, committed 29696K, reserved 1075200K
  class space    used 2937K, capacity 3214K, committed 3328K, reserved 1048576K
}
Event: 18.688 GC heap before
{Heap before GC invocations=119 (full 0):
 garbage-first heap   total 552960K, used 374813K [0x0000000740000000, 0x00000007c0000000)
  region size 1024K, 324 young (331776K), 1 survivors (1024K)
 Metaspace       used 28572K, capacity 29192K, committed 29696K, reserved 1075200K
  class space    used 2937K, capacity 3214K, committed 3328K, reserved 1048576K
}
Event: 18.689 GC heap after
{Heap after GC invocations=120 (full 0):
 garbage-first heap   total 552960K, used 44070K [0x0000000740000000, 0x00000007c0000000)
  region size 1024K, 1 young (1024K), 1 survivors (1024K)
 Metaspace       used 28572K, capacity 29192K, committed 29696K, reserved 1075200K
  class space    used 2937K, capacity 3214K, committed 3328K, reserved 1048576K
}
Event: 18.719 GC heap before
{Heap before GC invocations=120 (full 0):
 garbage-first heap   total 552960K, used 374822K [0x0000000740000000, 0x00000007c0000000)
  region size 1024K, 324 young (331776K), 1 survivors (1024K)
 Metaspace       used 28572K, capacity 29192K, committed 29696K, reserved 1075200K
  class space    used 2937K, capacity 3214K, committed 3328K, reserved 1048576K
}
Event: 18.720 GC heap after
{Heap after GC invocations=121 (full 0):
 garbage-first heap   total 552960K, used 44064K [0x0000000740000000, 0x00000007c0000000)
  region size 1024K, 1 young (1024K), 1 survivors (1024K)
 Metaspace       used 28572K, capacity 29192K, committed 29696K, reserved 1075200K
  class space    used 2937K, capacity 3214K, committed 3328K, reserved 1048576K
}

